<?xml version="1.0" encoding="UTF-8"?>
<testng-results ignored="0" total="1" passed="1" failed="0" skipped="0">
  <reporter-output>
  </reporter-output>
  <suite started-at="2025-05-01T00:25:55 IST" name="Suite" finished-at="2025-05-01T00:26:17 IST" duration-ms="21996">
    <groups>
    </groups>
    <test started-at="2025-05-01T00:25:55 IST" name="Test" finished-at="2025-05-01T00:26:17 IST" duration-ms="21996">
      <class name="packageamazon.ProjectAmazon.TC_04_SearchProductWithFilter">
        <test-method is-config="true" signature="launch()[pri:0, instance:packageamazon.ProjectAmazon.TC_04_SearchProductWithFilter@5aa9e4eb]" started-at="2025-05-01T00:25:55 IST" name="launch" finished-at="2025-05-01T00:26:01 IST" duration-ms="5745" status="PASS">
          <reporter-output>
          </reporter-output>
        </test-method> <!-- launch -->
        <test-method signature="login()[pri:0, instance:packageamazon.ProjectAmazon.TC_04_SearchProductWithFilter@5aa9e4eb]" started-at="2025-05-01T00:26:01 IST" name="login" finished-at="2025-05-01T00:26:17 IST" duration-ms="16155" status="PASS">
          <reporter-output>
          </reporter-output>
        </test-method> <!-- login -->
      </class> <!-- packageamazon.ProjectAmazon.TC_04_SearchProductWithFilter -->
    </test> <!-- Test -->
  </suite> <!-- Suite -->
</testng-results>
