<?xml version="1.0" encoding="UTF-8"?>
<!-- Generated by org.testng.reporters.JUnitReportReporter -->
<testsuite hostname="sunny-anand" failures="0" tests="2" name="packageamazon.ProjectAmazon.AmazonLogin" time="41.054" errors="0" timestamp="2025-04-29T22:11:16 IST" skipped="0">
  <testcase classname="packageamazon.ProjectAmazon.AmazonLogin" name="login" time="30.607"/>
  <testcase classname="packageamazon.ProjectAmazon.AmazonLogin" name="loginwithIncorrectpwd" time="10.447"/>
</testsuite> <!-- packageamazon.ProjectAmazon.AmazonLogin -->
